Running: C:\Xilinx\14.7\ISE_DS\ISE\bin\nt64\unwrapped\fuse.exe -intstyle ise -incremental -o C:/Users/Parker Ridd/Dropbox/Classes/ECEn320/FPGA2048/FPGA2048/Game_isim_beh.exe -prj C:/Users/Parker Ridd/Dropbox/Classes/ECEn320/FPGA2048/FPGA2048/Game_beh.prj work.Game 
ISim P.20131013 (signature 0x7708f090)
Number of CPUs detected in this system: 4
Turning on mult-threading, number of parallel sub-compilation jobs: 8 
Determining compilation order of HDL files
Parsing VHDL file "C:/Users/Parker Ridd/Dropbox/Classes/ECEn320/FPGA2048/FPGA2048/randomGenerator.vhd" into library work
Parsing VHDL file "C:/Users/Parker Ridd/Dropbox/Classes/ECEn320/FPGA2048/FPGA2048/Box.vhd" into library work
Parsing VHDL file "C:/Users/Parker Ridd/Dropbox/Classes/ECEn320/FPGA2048/FPGA2048/vga_timing.vhd" into library work
Parsing VHDL file "C:/Users/Parker Ridd/Dropbox/Classes/ECEn320/FPGA2048/FPGA2048/seven_segment_display.vhd" into library work
Parsing VHDL file "C:/Users/Parker Ridd/Dropbox/Classes/ECEn320/FPGA2048/FPGA2048/grid.vhd" into library work
Parsing VHDL file "C:/Users/Parker Ridd/Dropbox/Classes/ECEn320/FPGA2048/FPGA2048/game.vhd" into library work
Starting static elaboration
WARNING:HDLCompiler:746 - "N:/P.20131013/rtf/vhdl/src/ieee/numeric_std.vhd" Line 3314: Range is empty (null range)
WARNING:HDLCompiler:220 - "N:/P.20131013/rtf/vhdl/src/ieee/numeric_std.vhd" Line 3314: Assignment ignored
WARNING:HDLCompiler:746 - "N:/P.20131013/rtf/vhdl/src/ieee/numeric_std.vhd" Line 3314: Range is empty (null range)
WARNING:HDLCompiler:220 - "N:/P.20131013/rtf/vhdl/src/ieee/numeric_std.vhd" Line 3314: Assignment ignored
WARNING:HDLCompiler:746 - "N:/P.20131013/rtf/vhdl/src/ieee/numeric_std.vhd" Line 3314: Range is empty (null range)
WARNING:HDLCompiler:220 - "N:/P.20131013/rtf/vhdl/src/ieee/numeric_std.vhd" Line 3314: Assignment ignored
WARNING:HDLCompiler:746 - "N:/P.20131013/rtf/vhdl/src/ieee/numeric_std.vhd" Line 3314: Range is empty (null range)
WARNING:HDLCompiler:220 - "N:/P.20131013/rtf/vhdl/src/ieee/numeric_std.vhd" Line 3314: Assignment ignored
WARNING:HDLCompiler:746 - "N:/P.20131013/rtf/vhdl/src/ieee/numeric_std.vhd" Line 3314: Range is empty (null range)
WARNING:HDLCompiler:220 - "N:/P.20131013/rtf/vhdl/src/ieee/numeric_std.vhd" Line 3314: Assignment ignored
WARNING:HDLCompiler:746 - "N:/P.20131013/rtf/vhdl/src/ieee/numeric_std.vhd" Line 3314: Range is empty (null range)
WARNING:HDLCompiler:220 - "N:/P.20131013/rtf/vhdl/src/ieee/numeric_std.vhd" Line 3314: Assignment ignored
WARNING:HDLCompiler:746 - "N:/P.20131013/rtf/vhdl/src/ieee/numeric_std.vhd" Line 3314: Range is empty (null range)
WARNING:HDLCompiler:220 - "N:/P.20131013/rtf/vhdl/src/ieee/numeric_std.vhd" Line 3314: Assignment ignored
WARNING:HDLCompiler:746 - "N:/P.20131013/rtf/vhdl/src/ieee/numeric_std.vhd" Line 3314: Range is empty (null range)
WARNING:HDLCompiler:220 - "N:/P.20131013/rtf/vhdl/src/ieee/numeric_std.vhd" Line 3314: Assignment ignored
WARNING:HDLCompiler:746 - "N:/P.20131013/rtf/vhdl/src/ieee/numeric_std.vhd" Line 3314: Range is empty (null range)
WARNING:HDLCompiler:220 - "N:/P.20131013/rtf/vhdl/src/ieee/numeric_std.vhd" Line 3314: Assignment ignored
WARNING:HDLCompiler:746 - "N:/P.20131013/rtf/vhdl/src/ieee/numeric_std.vhd" Line 3314: Range is empty (null range)
WARNING:HDLCompiler:220 - "N:/P.20131013/rtf/vhdl/src/ieee/numeric_std.vhd" Line 3314: Assignment ignored
WARNING:HDLCompiler:746 - "N:/P.20131013/rtf/vhdl/src/ieee/numeric_std.vhd" Line 3314: Range is empty (null range)
WARNING:HDLCompiler:220 - "N:/P.20131013/rtf/vhdl/src/ieee/numeric_std.vhd" Line 3314: Assignment ignored
WARNING:HDLCompiler:746 - "N:/P.20131013/rtf/vhdl/src/ieee/numeric_std.vhd" Line 3314: Range is empty (null range)
WARNING:HDLCompiler:220 - "N:/P.20131013/rtf/vhdl/src/ieee/numeric_std.vhd" Line 3314: Assignment ignored
WARNING:HDLCompiler:746 - "N:/P.20131013/rtf/vhdl/src/ieee/numeric_std.vhd" Line 3314: Range is empty (null range)
WARNING:HDLCompiler:220 - "N:/P.20131013/rtf/vhdl/src/ieee/numeric_std.vhd" Line 3314: Assignment ignored
WARNING:HDLCompiler:746 - "N:/P.20131013/rtf/vhdl/src/ieee/numeric_std.vhd" Line 3314: Range is empty (null range)
WARNING:HDLCompiler:220 - "N:/P.20131013/rtf/vhdl/src/ieee/numeric_std.vhd" Line 3314: Assignment ignored
WARNING:HDLCompiler:746 - "N:/P.20131013/rtf/vhdl/src/ieee/numeric_std.vhd" Line 3314: Range is empty (null range)
WARNING:HDLCompiler:220 - "N:/P.20131013/rtf/vhdl/src/ieee/numeric_std.vhd" Line 3314: Assignment ignored
WARNING:HDLCompiler:746 - "N:/P.20131013/rtf/vhdl/src/ieee/numeric_std.vhd" Line 3314: Range is empty (null range)
WARNING:HDLCompiler:220 - "N:/P.20131013/rtf/vhdl/src/ieee/numeric_std.vhd" Line 3314: Assignment ignored
Completed static elaboration
Compiling package standard
Compiling package std_logic_1164
Compiling package numeric_std
Compiling package math_real
Compiling architecture behavioral of entity randomGenerator [\randomGenerator(4)\]
Compiling architecture game_arch of entity Box [\Box(128,48)\]
Compiling architecture game_arch of entity Box [\Box(226,48)\]
Compiling architecture game_arch of entity Box [\Box(324,48)\]
Compiling architecture game_arch of entity Box [\Box(422,48)\]
Compiling architecture game_arch of entity Box [\Box(128,146)\]
Compiling architecture game_arch of entity Box [\Box(226,146)\]
Compiling architecture game_arch of entity Box [\Box(324,146)\]
Compiling architecture game_arch of entity Box [\Box(422,146)\]
Compiling architecture game_arch of entity Box [\Box(128,244)\]
Compiling architecture game_arch of entity Box [\Box(226,244)\]
Compiling architecture game_arch of entity Box [\Box(324,244)\]
Compiling architecture game_arch of entity Box [\Box(422,244)\]
Compiling architecture game_arch of entity Box [\Box(128,342)\]
Compiling architecture game_arch of entity Box [\Box(226,342)\]
Compiling architecture game_arch of entity Box [\Box(324,342)\]
Compiling architecture game_arch of entity Box [\Box(422,342)\]
Compiling architecture behavioral of entity Grid [grid_default]
Compiling architecture behavioral of entity seven_segment_display [seven_segment_display_default]
Compiling architecture lab_arch of entity vga_timing [vga_timing_default]
Compiling architecture behavioral of entity game
Time Resolution for simulation is 1ps.
Compiled 45 VHDL Units
Built simulation executable C:/Users/Parker Ridd/Dropbox/Classes/ECEn320/FPGA2048/FPGA2048/Game_isim_beh.exe
Fuse Memory Usage: 37560 KB
Fuse CPU Usage: 1232 ms
