ISim log file
Running: C:\Users\Parker Ridd\Dropbox\Classes\ECEn320\FPGA2048\FPGA2048\Game_isim_beh.exe -intstyle ise -gui -tclbatch isim.cmd -wdb C:/Users/Parker Ridd/Dropbox/Classes/ECEn320/FPGA2048/FPGA2048/Game_isim_beh.wdb 
ISim P.20131013 (signature 0x7708f090)
WARNING: A WEBPACK license was found.
WARNING: Please use Xilinx License Configuration Manager to check out a full ISim license.
WARNING: ISim will run in Lite mode. Please refer to the ISim documentation for more information on the differences between the Lite and the Full version.
This is a Lite version of ISim.
Time resolution is 1 ps
# onerror resume
# wave add /
# run 1000 ns
Simulator is doing circuit initialization process.
at 0 ps, Instance /game/Grid1/ : Warning: NUMERIC_STD.">": metavalue detected, returning FALSE
at 0 ps, Instance /game/Grid1/ : Warning: NUMERIC_STD.">": metavalue detected, returning FALSE
at 0 ps, Instance /game/Grid1/ : Warning: NUMERIC_STD.TO_INTEGER: metavalue detected, returning 0
at 0 ps, Instance /game/Grid1/ : Warning: NUMERIC_STD."=": metavalue detected, returning FALSE
at 0 ps, Instance /game/Grid1/ : Warning: NUMERIC_STD.TO_INTEGER: metavalue detected, returning 0
at 0 ps, Instance /game/Grid1/ : Warning: NUMERIC_STD."=": metavalue detected, returning FALSE
at 0 ps, Instance /game/Grid1/ : Warning: NUMERIC_STD.TO_INTEGER: metavalue detected, returning 0
at 0 ps, Instance /game/Grid1/ : Warning: NUMERIC_STD."=": metavalue detected, returning FALSE
at 0 ps, Instance /game/Grid1/ : Warning: NUMERIC_STD.TO_INTEGER: metavalue detected, returning 0
at 0 ps, Instance /game/Grid1/ : Warning: NUMERIC_STD."=": metavalue detected, returning FALSE
at 0 ps, Instance /game/Grid1/ : Warning: NUMERIC_STD.TO_INTEGER: metavalue detected, returning 0
at 0 ps, Instance /game/Grid1/ : Warning: NUMERIC_STD."=": metavalue detected, returning FALSE
at 0 ps, Instance /game/Grid1/ : Warning: NUMERIC_STD.TO_INTEGER: metavalue detected, returning 0
at 0 ps, Instance /game/Grid1/ : Warning: NUMERIC_STD."=": metavalue detected, returning FALSE
at 0 ps, Instance /game/Grid1/ : Warning: NUMERIC_STD.TO_INTEGER: metavalue detected, returning 0
at 0 ps, Instance /game/Grid1/ : Warning: NUMERIC_STD."=": metavalue detected, returning FALSE
at 0 ps, Instance /game/Grid1/ : Warning: NUMERIC_STD.TO_INTEGER: metavalue detected, returning 0
at 0 ps, Instance /game/Grid1/ : Warning: NUMERIC_STD."=": metavalue detected, returning FALSE
at 0 ps, Instance /game/Grid1/ : Warning: NUMERIC_STD.TO_INTEGER: metavalue detected, returning 0
at 0 ps, Instance /game/Grid1/ : Warning: NUMERIC_STD."=": metavalue detected, returning FALSE
at 0 ps, Instance /game/Grid1/ : Warning: NUMERIC_STD.TO_INTEGER: metavalue detected, returning 0
at 0 ps, Instance /game/Grid1/ : Warning: NUMERIC_STD."=": metavalue detected, returning FALSE
at 0 ps, Instance /game/Grid1/ : Warning: NUMERIC_STD.TO_INTEGER: metavalue detected, returning 0
at 0 ps, Instance /game/Grid1/ : Warning: NUMERIC_STD."=": metavalue detected, returning FALSE
at 0 ps, Instance /game/Grid1/ : Warning: NUMERIC_STD.TO_INTEGER: metavalue detected, returning 0
at 0 ps, Instance /game/Grid1/ : Warning: NUMERIC_STD."=": metavalue detected, returning FALSE
at 0 ps, Instance /game/Grid1/ : Warning: NUMERIC_STD.TO_INTEGER: metavalue detected, returning 0
at 0 ps, Instance /game/Grid1/ : Warning: NUMERIC_STD."=": metavalue detected, returning FALSE
at 0 ps, Instance /game/Grid1/ : Warning: NUMERIC_STD.TO_INTEGER: metavalue detected, returning 0
at 0 ps, Instance /game/Grid1/ : Warning: NUMERIC_STD."=": metavalue detected, returning FALSE
at 0 ps, Instance /game/Grid1/ : Warning: NUMERIC_STD.TO_INTEGER: metavalue detected, returning 0
at 0 ps, Instance /game/Grid1/ : Warning: NUMERIC_STD."=": metavalue detected, returning FALSE
at 0 ps, Instance /game/Grid1/ : Warning: NUMERIC_STD.TO_INTEGER: metavalue detected, returning 0
at 0 ps, Instance /game/Grid1/ : Warning: NUMERIC_STD."=": metavalue detected, returning FALSE
at 0 ps, Instance /game/Grid1/ : Warning: NUMERIC_STD.TO_UNSIGNED: vector truncated
at 0 ps, Instance /game/Grid1/ : Warning: NUMERIC_STD.TO_INTEGER: metavalue detected, returning 0
at 0 ps, Instance /game/Grid1/ : Warning: NUMERIC_STD."=": metavalue detected, returning FALSE
at 0 ps, Instance /game/Grid1/Box1/ : Warning: NUMERIC_STD.TO_INTEGER: metavalue detected, returning 0
at 0 ps, Instance /game/Grid1/Box1/ : Warning: NUMERIC_STD.TO_INTEGER: metavalue detected, returning 0
at 0 ps, Instance /game/Grid1/Box1/ : Warning: NUMERIC_STD.">=": metavalue detected, returning FALSE
at 0 ps, Instance /game/Grid1/Box2/ : Warning: NUMERIC_STD.TO_INTEGER: metavalue detected, returning 0
at 0 ps, Instance /game/Grid1/Box2/ : Warning: NUMERIC_STD.TO_INTEGER: metavalue detected, returning 0
at 0 ps, Instance /game/Grid1/Box2/ : Warning: NUMERIC_STD.">=": metavalue detected, returning FALSE
at 0 ps, Instance /game/Grid1/Box3/ : Warning: NUMERIC_STD.TO_INTEGER: metavalue detected, returning 0
at 0 ps, Instance /game/Grid1/Box3/ : Warning: NUMERIC_STD.TO_INTEGER: metavalue detected, returning 0
at 0 ps, Instance /game/Grid1/Box3/ : Warning: NUMERIC_STD.">=": metavalue detected, returning FALSE
at 0 ps, Instance /game/Grid1/Box4/ : Warning: NUMERIC_STD.TO_INTEGER: metavalue detected, returning 0
at 0 ps, Instance /game/Grid1/Box4/ : Warning: NUMERIC_STD.TO_INTEGER: metavalue detected, returning 0
at 0 ps, Instance /game/Grid1/Box4/ : Warning: NUMERIC_STD.">=": metavalue detected, returning FALSE
at 0 ps, Instance /game/Grid1/Box5/ : Warning: NUMERIC_STD.TO_INTEGER: metavalue detected, returning 0
at 0 ps, Instance /game/Grid1/Box5/ : Warning: NUMERIC_STD.TO_INTEGER: metavalue detected, returning 0
at 0 ps, Instance /game/Grid1/Box5/ : Warning: NUMERIC_STD.">=": metavalue detected, returning FALSE
at 0 ps, Instance /game/Grid1/Box6/ : Warning: NUMERIC_STD.TO_INTEGER: metavalue detected, returning 0
at 0 ps, Instance /game/Grid1/Box6/ : Warning: NUMERIC_STD.TO_INTEGER: metavalue detected, returning 0
at 0 ps, Instance /game/Grid1/Box6/ : Warning: NUMERIC_STD.">=": metavalue detected, returning FALSE
at 0 ps, Instance /game/Grid1/Box7/ : Warning: NUMERIC_STD.TO_INTEGER: metavalue detected, returning 0
at 0 ps, Instance /game/Grid1/Box7/ : Warning: NUMERIC_STD.TO_INTEGER: metavalue detected, returning 0
at 0 ps, Instance /game/Grid1/Box7/ : Warning: NUMERIC_STD.">=": metavalue detected, returning FALSE
at 0 ps, Instance /game/Grid1/Box8/ : Warning: NUMERIC_STD.TO_INTEGER: metavalue detected, returning 0
at 0 ps, Instance /game/Grid1/Box8/ : Warning: NUMERIC_STD.TO_INTEGER: metavalue detected, returning 0
at 0 ps, Instance /game/Grid1/Box8/ : Warning: NUMERIC_STD.">=": metavalue detected, returning FALSE
at 0 ps, Instance /game/Grid1/Box9/ : Warning: NUMERIC_STD.TO_INTEGER: metavalue detected, returning 0
at 0 ps, Instance /game/Grid1/Box9/ : Warning: NUMERIC_STD.TO_INTEGER: metavalue detected, returning 0
at 0 ps, Instance /game/Grid1/Box9/ : Warning: NUMERIC_STD.">=": metavalue detected, returning FALSE
at 0 ps, Instance /game/Grid1/Box10/ : Warning: NUMERIC_STD.TO_INTEGER: metavalue detected, returning 0
at 0 ps, Instance /game/Grid1/Box10/ : Warning: NUMERIC_STD.TO_INTEGER: metavalue detected, returning 0
at 0 ps, Instance /game/Grid1/Box10/ : Warning: NUMERIC_STD.">=": metavalue detected, returning FALSE
at 0 ps, Instance /game/Grid1/Box11/ : Warning: NUMERIC_STD.TO_INTEGER: metavalue detected, returning 0
at 0 ps, Instance /game/Grid1/Box11/ : Warning: NUMERIC_STD.TO_INTEGER: metavalue detected, returning 0
at 0 ps, Instance /game/Grid1/Box11/ : Warning: NUMERIC_STD.">=": metavalue detected, returning FALSE
at 0 ps, Instance /game/Grid1/Box12/ : Warning: NUMERIC_STD.TO_INTEGER: metavalue detected, returning 0
at 0 ps, Instance /game/Grid1/Box12/ : Warning: NUMERIC_STD.TO_INTEGER: metavalue detected, returning 0
at 0 ps, Instance /game/Grid1/Box12/ : Warning: NUMERIC_STD.">=": metavalue detected, returning FALSE
at 0 ps, Instance /game/Grid1/Box13/ : Warning: NUMERIC_STD.TO_INTEGER: metavalue detected, returning 0
at 0 ps, Instance /game/Grid1/Box13/ : Warning: NUMERIC_STD.TO_INTEGER: metavalue detected, returning 0
at 0 ps, Instance /game/Grid1/Box13/ : Warning: NUMERIC_STD.">=": metavalue detected, returning FALSE
at 0 ps, Instance /game/Grid1/Box14/ : Warning: NUMERIC_STD.TO_INTEGER: metavalue detected, returning 0
at 0 ps, Instance /game/Grid1/Box14/ : Warning: NUMERIC_STD.TO_INTEGER: metavalue detected, returning 0
at 0 ps, Instance /game/Grid1/Box14/ : Warning: NUMERIC_STD.">=": metavalue detected, returning FALSE
at 0 ps, Instance /game/Grid1/Box15/ : Warning: NUMERIC_STD.TO_INTEGER: metavalue detected, returning 0
at 0 ps, Instance /game/Grid1/Box15/ : Warning: NUMERIC_STD.TO_INTEGER: metavalue detected, returning 0
at 0 ps, Instance /game/Grid1/Box15/ : Warning: NUMERIC_STD.">=": metavalue detected, returning FALSE
at 0 ps, Instance /game/Grid1/Box16/ : Warning: NUMERIC_STD.TO_INTEGER: metavalue detected, returning 0
at 0 ps, Instance /game/Grid1/Box16/ : Warning: NUMERIC_STD.TO_INTEGER: metavalue detected, returning 0
at 0 ps, Instance /game/Grid1/Box16/ : Warning: NUMERIC_STD.">=": metavalue detected, returning FALSE
Finished circuit initialization process.
at 0 ps, Instance /game/Grid1/Box1/ : Warning: NUMERIC_STD.TO_INTEGER: metavalue detected, returning 0
at 0 ps, Instance /game/Grid1/Box1/ : Warning: NUMERIC_STD.TO_INTEGER: metavalue detected, returning 0
at 0 ps, Instance /game/Grid1/Box2/ : Warning: NUMERIC_STD.TO_INTEGER: metavalue detected, returning 0
at 0 ps, Instance /game/Grid1/Box2/ : Warning: NUMERIC_STD.TO_INTEGER: metavalue detected, returning 0
at 0 ps, Instance /game/Grid1/Box3/ : Warning: NUMERIC_STD.TO_INTEGER: metavalue detected, returning 0
at 0 ps, Instance /game/Grid1/Box3/ : Warning: NUMERIC_STD.TO_INTEGER: metavalue detected, returning 0
at 0 ps, Instance /game/Grid1/Box4/ : Warning: NUMERIC_STD.TO_INTEGER: metavalue detected, returning 0
at 0 ps, Instance /game/Grid1/Box4/ : Warning: NUMERIC_STD.TO_INTEGER: metavalue detected, returning 0
at 0 ps, Instance /game/Grid1/Box5/ : Warning: NUMERIC_STD.TO_INTEGER: metavalue detected, returning 0
at 0 ps, Instance /game/Grid1/Box5/ : Warning: NUMERIC_STD.TO_INTEGER: metavalue detected, returning 0
at 0 ps, Instance /game/Grid1/Box6/ : Warning: NUMERIC_STD.TO_INTEGER: metavalue detected, returning 0
at 0 ps, Instance /game/Grid1/Box6/ : Warning: NUMERIC_STD.TO_INTEGER: metavalue detected, returning 0
at 0 ps, Instance /game/Grid1/Box7/ : Warning: NUMERIC_STD.TO_INTEGER: metavalue detected, returning 0
at 0 ps, Instance /game/Grid1/Box7/ : Warning: NUMERIC_STD.TO_INTEGER: metavalue detected, returning 0
at 0 ps, Instance /game/Grid1/Box8/ : Warning: NUMERIC_STD.TO_INTEGER: metavalue detected, returning 0
at 0 ps, Instance /game/Grid1/Box8/ : Warning: NUMERIC_STD.TO_INTEGER: metavalue detected, returning 0
at 0 ps, Instance /game/Grid1/Box9/ : Warning: NUMERIC_STD.TO_INTEGER: metavalue detected, returning 0
at 0 ps, Instance /game/Grid1/Box9/ : Warning: NUMERIC_STD.TO_INTEGER: metavalue detected, returning 0
at 0 ps, Instance /game/Grid1/Box10/ : Warning: NUMERIC_STD.TO_INTEGER: metavalue detected, returning 0
at 0 ps, Instance /game/Grid1/Box10/ : Warning: NUMERIC_STD.TO_INTEGER: metavalue detected, returning 0
at 0 ps, Instance /game/Grid1/Box11/ : Warning: NUMERIC_STD.TO_INTEGER: metavalue detected, returning 0
at 0 ps, Instance /game/Grid1/Box11/ : Warning: NUMERIC_STD.TO_INTEGER: metavalue detected, returning 0
at 0 ps, Instance /game/Grid1/Box12/ : Warning: NUMERIC_STD.TO_INTEGER: metavalue detected, returning 0
at 0 ps, Instance /game/Grid1/Box12/ : Warning: NUMERIC_STD.TO_INTEGER: metavalue detected, returning 0
at 0 ps, Instance /game/Grid1/Box13/ : Warning: NUMERIC_STD.TO_INTEGER: metavalue detected, returning 0
at 0 ps, Instance /game/Grid1/Box13/ : Warning: NUMERIC_STD.TO_INTEGER: metavalue detected, returning 0
at 0 ps, Instance /game/Grid1/Box14/ : Warning: NUMERIC_STD.TO_INTEGER: metavalue detected, returning 0
at 0 ps, Instance /game/Grid1/Box14/ : Warning: NUMERIC_STD.TO_INTEGER: metavalue detected, returning 0
at 0 ps, Instance /game/Grid1/Box15/ : Warning: NUMERIC_STD.TO_INTEGER: metavalue detected, returning 0
at 0 ps, Instance /game/Grid1/Box15/ : Warning: NUMERIC_STD.TO_INTEGER: metavalue detected, returning 0
at 0 ps, Instance /game/Grid1/Box16/ : Warning: NUMERIC_STD.TO_INTEGER: metavalue detected, returning 0
at 0 ps, Instance /game/Grid1/Box16/ : Warning: NUMERIC_STD.TO_INTEGER: metavalue detected, returning 0
at 0 ps, Instance /game/Grid1/ : Warning: NUMERIC_STD."=": metavalue detected, returning FALSE
at 0 ps, Instance /game/Grid1/ : Warning: NUMERIC_STD."=": metavalue detected, returning FALSE
at 0 ps, Instance /game/Grid1/ : Warning: NUMERIC_STD."=": metavalue detected, returning FALSE
at 0 ps, Instance /game/Grid1/ : Warning: NUMERIC_STD."=": metavalue detected, returning FALSE
at 0 ps, Instance /game/Grid1/ : Warning: NUMERIC_STD."=": metavalue detected, returning FALSE
at 0 ps, Instance /game/Grid1/ : Warning: NUMERIC_STD."=": metavalue detected, returning FALSE
at 0 ps, Instance /game/Grid1/ : Warning: NUMERIC_STD."=": metavalue detected, returning FALSE
at 0 ps, Instance /game/Grid1/ : Warning: NUMERIC_STD."=": metavalue detected, returning FALSE
at 0 ps, Instance /game/Grid1/ : Warning: NUMERIC_STD."=": metavalue detected, returning FALSE
at 0 ps, Instance /game/Grid1/ : Warning: NUMERIC_STD."=": metavalue detected, returning FALSE
at 0 ps, Instance /game/Grid1/ : Warning: NUMERIC_STD."=": metavalue detected, returning FALSE
at 0 ps, Instance /game/Grid1/ : Warning: NUMERIC_STD."=": metavalue detected, returning FALSE
at 0 ps, Instance /game/Grid1/ : Warning: NUMERIC_STD."=": metavalue detected, returning FALSE
at 0 ps, Instance /game/Grid1/ : Warning: NUMERIC_STD."=": metavalue detected, returning FALSE
at 0 ps, Instance /game/Grid1/ : Warning: NUMERIC_STD."=": metavalue detected, returning FALSE
at 0 ps, Instance /game/Grid1/ : Warning: NUMERIC_STD."=": metavalue detected, returning FALSE
at 0 ps, Instance /game/Grid1/ : Warning: NUMERIC_STD.TO_UNSIGNED: vector truncated
at 0 ps, Instance /game/Grid1/ : Warning: NUMERIC_STD."=": metavalue detected, returning FALSE
# restart
# isim force add clk 1 -value 0 -time 10ns -repeat 20ns
# put btn 0000
# put sw0 0
# run 40ns
Simulator is doing circuit initialization process.
at 0 ps, Instance /game/Grid1/ : Warning: NUMERIC_STD.">": metavalue detected, returning FALSE
at 0 ps, Instance /game/Grid1/ : Warning: NUMERIC_STD.">": metavalue detected, returning FALSE
at 0 ps, Instance /game/Grid1/ : Warning: NUMERIC_STD.TO_INTEGER: metavalue detected, returning 0
at 0 ps, Instance /game/Grid1/ : Warning: NUMERIC_STD."=": metavalue detected, returning FALSE
at 0 ps, Instance /game/Grid1/ : Warning: NUMERIC_STD.TO_INTEGER: metavalue detected, returning 0
at 0 ps, Instance /game/Grid1/ : Warning: NUMERIC_STD."=": metavalue detected, returning FALSE
at 0 ps, Instance /game/Grid1/ : Warning: NUMERIC_STD.TO_INTEGER: metavalue detected, returning 0
at 0 ps, Instance /game/Grid1/ : Warning: NUMERIC_STD."=": metavalue detected, returning FALSE
at 0 ps, Instance /game/Grid1/ : Warning: NUMERIC_STD.TO_INTEGER: metavalue detected, returning 0
at 0 ps, Instance /game/Grid1/ : Warning: NUMERIC_STD."=": metavalue detected, returning FALSE
at 0 ps, Instance /game/Grid1/ : Warning: NUMERIC_STD.TO_INTEGER: metavalue detected, returning 0
at 0 ps, Instance /game/Grid1/ : Warning: NUMERIC_STD."=": metavalue detected, returning FALSE
at 0 ps, Instance /game/Grid1/ : Warning: NUMERIC_STD.TO_INTEGER: metavalue detected, returning 0
at 0 ps, Instance /game/Grid1/ : Warning: NUMERIC_STD."=": metavalue detected, returning FALSE
at 0 ps, Instance /game/Grid1/ : Warning: NUMERIC_STD.TO_INTEGER: metavalue detected, returning 0
at 0 ps, Instance /game/Grid1/ : Warning: NUMERIC_STD."=": metavalue detected, returning FALSE
at 0 ps, Instance /game/Grid1/ : Warning: NUMERIC_STD.TO_INTEGER: metavalue detected, returning 0
at 0 ps, Instance /game/Grid1/ : Warning: NUMERIC_STD."=": metavalue detected, returning FALSE
at 0 ps, Instance /game/Grid1/ : Warning: NUMERIC_STD.TO_INTEGER: metavalue detected, returning 0
at 0 ps, Instance /game/Grid1/ : Warning: NUMERIC_STD."=": metavalue detected, returning FALSE
at 0 ps, Instance /game/Grid1/ : Warning: NUMERIC_STD.TO_INTEGER: metavalue detected, returning 0
at 0 ps, Instance /game/Grid1/ : Warning: NUMERIC_STD."=": metavalue detected, returning FALSE
at 0 ps, Instance /game/Grid1/ : Warning: NUMERIC_STD.TO_INTEGER: metavalue detected, returning 0
at 0 ps, Instance /game/Grid1/ : Warning: NUMERIC_STD."=": metavalue detected, returning FALSE
at 0 ps, Instance /game/Grid1/ : Warning: NUMERIC_STD.TO_INTEGER: metavalue detected, returning 0
at 0 ps, Instance /game/Grid1/ : Warning: NUMERIC_STD."=": metavalue detected, returning FALSE
at 0 ps, Instance /game/Grid1/ : Warning: NUMERIC_STD.TO_INTEGER: metavalue detected, returning 0
at 0 ps, Instance /game/Grid1/ : Warning: NUMERIC_STD."=": metavalue detected, returning FALSE
at 0 ps, Instance /game/Grid1/ : Warning: NUMERIC_STD.TO_INTEGER: metavalue detected, returning 0
at 0 ps, Instance /game/Grid1/ : Warning: NUMERIC_STD."=": metavalue detected, returning FALSE
at 0 ps, Instance /game/Grid1/ : Warning: NUMERIC_STD.TO_INTEGER: metavalue detected, returning 0
at 0 ps, Instance /game/Grid1/ : Warning: NUMERIC_STD."=": metavalue detected, returning FALSE
at 0 ps, Instance /game/Grid1/ : Warning: NUMERIC_STD.TO_INTEGER: metavalue detected, returning 0
at 0 ps, Instance /game/Grid1/ : Warning: NUMERIC_STD."=": metavalue detected, returning FALSE
at 0 ps, Instance /game/Grid1/ : Warning: NUMERIC_STD.TO_UNSIGNED: vector truncated
at 0 ps, Instance /game/Grid1/ : Warning: NUMERIC_STD.TO_INTEGER: metavalue detected, returning 0
at 0 ps, Instance /game/Grid1/ : Warning: NUMERIC_STD."=": metavalue detected, returning FALSE
at 0 ps, Instance /game/Grid1/Box1/ : Warning: NUMERIC_STD.TO_INTEGER: metavalue detected, returning 0
at 0 ps, Instance /game/Grid1/Box1/ : Warning: NUMERIC_STD.TO_INTEGER: metavalue detected, returning 0
at 0 ps, Instance /game/Grid1/Box1/ : Warning: NUMERIC_STD.">=": metavalue detected, returning FALSE
at 0 ps, Instance /game/Grid1/Box2/ : Warning: NUMERIC_STD.TO_INTEGER: metavalue detected, returning 0
at 0 ps, Instance /game/Grid1/Box2/ : Warning: NUMERIC_STD.TO_INTEGER: metavalue detected, returning 0
at 0 ps, Instance /game/Grid1/Box2/ : Warning: NUMERIC_STD.">=": metavalue detected, returning FALSE
at 0 ps, Instance /game/Grid1/Box3/ : Warning: NUMERIC_STD.TO_INTEGER: metavalue detected, returning 0
at 0 ps, Instance /game/Grid1/Box3/ : Warning: NUMERIC_STD.TO_INTEGER: metavalue detected, returning 0
at 0 ps, Instance /game/Grid1/Box3/ : Warning: NUMERIC_STD.">=": metavalue detected, returning FALSE
at 0 ps, Instance /game/Grid1/Box4/ : Warning: NUMERIC_STD.TO_INTEGER: metavalue detected, returning 0
at 0 ps, Instance /game/Grid1/Box4/ : Warning: NUMERIC_STD.TO_INTEGER: metavalue detected, returning 0
at 0 ps, Instance /game/Grid1/Box4/ : Warning: NUMERIC_STD.">=": metavalue detected, returning FALSE
at 0 ps, Instance /game/Grid1/Box5/ : Warning: NUMERIC_STD.TO_INTEGER: metavalue detected, returning 0
at 0 ps, Instance /game/Grid1/Box5/ : Warning: NUMERIC_STD.TO_INTEGER: metavalue detected, returning 0
at 0 ps, Instance /game/Grid1/Box5/ : Warning: NUMERIC_STD.">=": metavalue detected, returning FALSE
at 0 ps, Instance /game/Grid1/Box6/ : Warning: NUMERIC_STD.TO_INTEGER: metavalue detected, returning 0
at 0 ps, Instance /game/Grid1/Box6/ : Warning: NUMERIC_STD.TO_INTEGER: metavalue detected, returning 0
at 0 ps, Instance /game/Grid1/Box6/ : Warning: NUMERIC_STD.">=": metavalue detected, returning FALSE
at 0 ps, Instance /game/Grid1/Box7/ : Warning: NUMERIC_STD.TO_INTEGER: metavalue detected, returning 0
at 0 ps, Instance /game/Grid1/Box7/ : Warning: NUMERIC_STD.TO_INTEGER: metavalue detected, returning 0
at 0 ps, Instance /game/Grid1/Box7/ : Warning: NUMERIC_STD.">=": metavalue detected, returning FALSE
at 0 ps, Instance /game/Grid1/Box8/ : Warning: NUMERIC_STD.TO_INTEGER: metavalue detected, returning 0
at 0 ps, Instance /game/Grid1/Box8/ : Warning: NUMERIC_STD.TO_INTEGER: metavalue detected, returning 0
at 0 ps, Instance /game/Grid1/Box8/ : Warning: NUMERIC_STD.">=": metavalue detected, returning FALSE
at 0 ps, Instance /game/Grid1/Box9/ : Warning: NUMERIC_STD.TO_INTEGER: metavalue detected, returning 0
at 0 ps, Instance /game/Grid1/Box9/ : Warning: NUMERIC_STD.TO_INTEGER: metavalue detected, returning 0
at 0 ps, Instance /game/Grid1/Box9/ : Warning: NUMERIC_STD.">=": metavalue detected, returning FALSE
at 0 ps, Instance /game/Grid1/Box10/ : Warning: NUMERIC_STD.TO_INTEGER: metavalue detected, returning 0
at 0 ps, Instance /game/Grid1/Box10/ : Warning: NUMERIC_STD.TO_INTEGER: metavalue detected, returning 0
at 0 ps, Instance /game/Grid1/Box10/ : Warning: NUMERIC_STD.">=": metavalue detected, returning FALSE
at 0 ps, Instance /game/Grid1/Box11/ : Warning: NUMERIC_STD.TO_INTEGER: metavalue detected, returning 0
at 0 ps, Instance /game/Grid1/Box11/ : Warning: NUMERIC_STD.TO_INTEGER: metavalue detected, returning 0
at 0 ps, Instance /game/Grid1/Box11/ : Warning: NUMERIC_STD.">=": metavalue detected, returning FALSE
at 0 ps, Instance /game/Grid1/Box12/ : Warning: NUMERIC_STD.TO_INTEGER: metavalue detected, returning 0
at 0 ps, Instance /game/Grid1/Box12/ : Warning: NUMERIC_STD.TO_INTEGER: metavalue detected, returning 0
at 0 ps, Instance /game/Grid1/Box12/ : Warning: NUMERIC_STD.">=": metavalue detected, returning FALSE
at 0 ps, Instance /game/Grid1/Box13/ : Warning: NUMERIC_STD.TO_INTEGER: metavalue detected, returning 0
at 0 ps, Instance /game/Grid1/Box13/ : Warning: NUMERIC_STD.TO_INTEGER: metavalue detected, returning 0
at 0 ps, Instance /game/Grid1/Box13/ : Warning: NUMERIC_STD.">=": metavalue detected, returning FALSE
at 0 ps, Instance /game/Grid1/Box14/ : Warning: NUMERIC_STD.TO_INTEGER: metavalue detected, returning 0
at 0 ps, Instance /game/Grid1/Box14/ : Warning: NUMERIC_STD.TO_INTEGER: metavalue detected, returning 0
at 0 ps, Instance /game/Grid1/Box14/ : Warning: NUMERIC_STD.">=": metavalue detected, returning FALSE
at 0 ps, Instance /game/Grid1/Box15/ : Warning: NUMERIC_STD.TO_INTEGER: metavalue detected, returning 0
at 0 ps, Instance /game/Grid1/Box15/ : Warning: NUMERIC_STD.TO_INTEGER: metavalue detected, returning 0
at 0 ps, Instance /game/Grid1/Box15/ : Warning: NUMERIC_STD.">=": metavalue detected, returning FALSE
at 0 ps, Instance /game/Grid1/Box16/ : Warning: NUMERIC_STD.TO_INTEGER: metavalue detected, returning 0
at 0 ps, Instance /game/Grid1/Box16/ : Warning: NUMERIC_STD.TO_INTEGER: metavalue detected, returning 0
at 0 ps, Instance /game/Grid1/Box16/ : Warning: NUMERIC_STD.">=": metavalue detected, returning FALSE
Finished circuit initialization process.
at 0 ps, Instance /game/Grid1/Box1/ : Warning: NUMERIC_STD.TO_INTEGER: metavalue detected, returning 0
at 0 ps, Instance /game/Grid1/Box1/ : Warning: NUMERIC_STD.TO_INTEGER: metavalue detected, returning 0
at 0 ps, Instance /game/Grid1/Box2/ : Warning: NUMERIC_STD.TO_INTEGER: metavalue detected, returning 0
at 0 ps, Instance /game/Grid1/Box2/ : Warning: NUMERIC_STD.TO_INTEGER: metavalue detected, returning 0
at 0 ps, Instance /game/Grid1/Box3/ : Warning: NUMERIC_STD.TO_INTEGER: metavalue detected, returning 0
at 0 ps, Instance /game/Grid1/Box3/ : Warning: NUMERIC_STD.TO_INTEGER: metavalue detected, returning 0
at 0 ps, Instance /game/Grid1/Box4/ : Warning: NUMERIC_STD.TO_INTEGER: metavalue detected, returning 0
at 0 ps, Instance /game/Grid1/Box4/ : Warning: NUMERIC_STD.TO_INTEGER: metavalue detected, returning 0
at 0 ps, Instance /game/Grid1/Box5/ : Warning: NUMERIC_STD.TO_INTEGER: metavalue detected, returning 0
at 0 ps, Instance /game/Grid1/Box5/ : Warning: NUMERIC_STD.TO_INTEGER: metavalue detected, returning 0
at 0 ps, Instance /game/Grid1/Box6/ : Warning: NUMERIC_STD.TO_INTEGER: metavalue detected, returning 0
at 0 ps, Instance /game/Grid1/Box6/ : Warning: NUMERIC_STD.TO_INTEGER: metavalue detected, returning 0
at 0 ps, Instance /game/Grid1/Box7/ : Warning: NUMERIC_STD.TO_INTEGER: metavalue detected, returning 0
at 0 ps, Instance /game/Grid1/Box7/ : Warning: NUMERIC_STD.TO_INTEGER: metavalue detected, returning 0
at 0 ps, Instance /game/Grid1/Box8/ : Warning: NUMERIC_STD.TO_INTEGER: metavalue detected, returning 0
at 0 ps, Instance /game/Grid1/Box8/ : Warning: NUMERIC_STD.TO_INTEGER: metavalue detected, returning 0
at 0 ps, Instance /game/Grid1/Box9/ : Warning: NUMERIC_STD.TO_INTEGER: metavalue detected, returning 0
at 0 ps, Instance /game/Grid1/Box9/ : Warning: NUMERIC_STD.TO_INTEGER: metavalue detected, returning 0
at 0 ps, Instance /game/Grid1/Box10/ : Warning: NUMERIC_STD.TO_INTEGER: metavalue detected, returning 0
at 0 ps, Instance /game/Grid1/Box10/ : Warning: NUMERIC_STD.TO_INTEGER: metavalue detected, returning 0
at 0 ps, Instance /game/Grid1/Box11/ : Warning: NUMERIC_STD.TO_INTEGER: metavalue detected, returning 0
at 0 ps, Instance /game/Grid1/Box11/ : Warning: NUMERIC_STD.TO_INTEGER: metavalue detected, returning 0
at 0 ps, Instance /game/Grid1/Box12/ : Warning: NUMERIC_STD.TO_INTEGER: metavalue detected, returning 0
at 0 ps, Instance /game/Grid1/Box12/ : Warning: NUMERIC_STD.TO_INTEGER: metavalue detected, returning 0
at 0 ps, Instance /game/Grid1/Box13/ : Warning: NUMERIC_STD.TO_INTEGER: metavalue detected, returning 0
at 0 ps, Instance /game/Grid1/Box13/ : Warning: NUMERIC_STD.TO_INTEGER: metavalue detected, returning 0
at 0 ps, Instance /game/Grid1/Box14/ : Warning: NUMERIC_STD.TO_INTEGER: metavalue detected, returning 0
at 0 ps, Instance /game/Grid1/Box14/ : Warning: NUMERIC_STD.TO_INTEGER: metavalue detected, returning 0
at 0 ps, Instance /game/Grid1/Box15/ : Warning: NUMERIC_STD.TO_INTEGER: metavalue detected, returning 0
at 0 ps, Instance /game/Grid1/Box15/ : Warning: NUMERIC_STD.TO_INTEGER: metavalue detected, returning 0
at 0 ps, Instance /game/Grid1/Box16/ : Warning: NUMERIC_STD.TO_INTEGER: metavalue detected, returning 0
at 0 ps, Instance /game/Grid1/Box16/ : Warning: NUMERIC_STD.TO_INTEGER: metavalue detected, returning 0
# put sw0 1
# run 100ns
# put btn 0001
# run 100ns
# run 12ms
